<?xml version="1.0" encoding="UTF-8"?>
<!-- Generated by org.testng.reporters.JUnitReportReporter -->
<testsuite skipped="0" hostname="Dell" name="com.demo.tests.Scenario1Test" tests="1" failures="0" timestamp="08 Oct 2020 11:02:05 GMT" time="16.657" errors="0">
  <testcase name="scenario1Test" time="16.657" classname="com.demo.tests.Scenario1Test"/>
</testsuite> <!-- com.demo.tests.Scenario1Test -->
