<?xml version="1.0" encoding="UTF-8"?>
<!-- Generated by org.testng.reporters.JUnitReportReporter -->
<testsuite skipped="0" hostname="Dell" name="com.demo.tests.MapperDemoV1" tests="2" failures="0" timestamp="08 Oct 2020 10:56:08 GMT" time="4.522" errors="0">
  <testcase name="inavalidApiKeyDemoTest" time="2.109" classname="com.demo.tests.MapperDemoV1"/>
  <testcase name="regStationAPITest" time="2.413" classname="com.demo.tests.MapperDemoV1"/>
</testsuite> <!-- com.demo.tests.MapperDemoV1 -->
