<?xml version="1.0" encoding="UTF-8"?>
<!-- Generated by org.testng.reporters.JUnitReportReporter -->
<testsuite skipped="0" hostname="Dell" name="com.demo.tests.Scenario3Test" tests="2" failures="0" timestamp="08 Oct 2020 11:02:05 GMT" time="4.346" errors="0">
  <testcase name="regStationAPITest" time="2.571" classname="com.demo.tests.Scenario3Test"/>
  <testcase name="inavalidApiKeyDemoTest" time="1.775" classname="com.demo.tests.Scenario3Test"/>
</testsuite> <!-- com.demo.tests.Scenario3Test -->
